<?xml version="1.0" encoding="UTF-8"?>
<!-- Generated by org.testng.reporters.JUnitXMLReporter -->
<testsuite ignored="2" hostname="DESKTOP-I73M586" failures="0" tests="3" name="Test" time="64.159" errors="0" timestamp="2022-02-15T18:27:25 IST">
  <testcase classname="com.sauceDemo.TestClasses.TC01VerifyLoginFunctioanlity" name="verifyLogin" time="0.052"/>
  <testcase classname="com.sauceDemo.TestClasses.TC02VerifyLogoutFunctionality" name="VerifyLogoutFunctionality" time="0.002"/>
  <testcase classname="com.sauceDemo.TestClasses.TC03VerifyAddtoCartFunctionality" name="VerifyAddtoCartFunctionality" time="0.002"/>
  <testcase classname="com.sauceDemo.TestClasses.BaseClass" name="@AfterTest tearDown" time="0.0">
    <ignored/>
  </testcase> <!-- @AfterTest tearDown -->
  <testcase classname="com.sauceDemo.TestClasses.BaseClass" name="@AfterTest tearDown" time="0.0">
    <ignored/>
  </testcase> <!-- @AfterTest tearDown -->
</testsuite> <!-- Test -->
